android/app/build/intermediates/manifest_merge_blame_file/release/manifest-merger-blame-release-report.txt
1<?xml version="1.0" encoding="utf-8"?>
2<manifest xmlns:android="http://schemas.android.com/apk/res/android"
3    package="com.pure_music_app"
4    android:versionCode="1"
5    android:versionName="1.0" >
6
7    <uses-sdk
8        android:minSdkVersion="16"
8-->src/main/AndroidManifest.xml
9        android:targetSdkVersion="29" />
9-->src/main/AndroidManifest.xml
10
11    <uses-permission android:name="android.permission.INTERNET" />
11-->src/main/AndroidManifest.xml:4:5-67
11-->src/main/AndroidManifest.xml:4:22-64
12    <uses-permission android:name="android.permission.FOREGROUND_SERVICE" />
12-->src/main/AndroidManifest.xml:5:5-77
12-->src/main/AndroidManifest.xml:5:22-74
13
14    <application
14-->src/main/AndroidManifest.xml:7:5-27:19
15        android:name="com.pure_music_app.MainApplication"
15-->src/main/AndroidManifest.xml:8:7-38
16        android:allowBackup="false"
16-->src/main/AndroidManifest.xml:13:7-34
17        android:appComponentFactory="androidx.core.app.CoreComponentFactory"
17-->[androidx.core:core:1.1.0] AndroidManifest.xml:24:18-86
18        android:icon="@mipmap/ic_launcher"
18-->src/main/AndroidManifest.xml:10:7-41
19        android:label="@string/app_name"
19-->src/main/AndroidManifest.xml:9:7-39
20        android:roundIcon="@mipmap/ic_launcher_round"
20-->src/main/AndroidManifest.xml:11:7-52
21        android:theme="@style/AppTheme"
21-->src/main/AndroidManifest.xml:14:7-38
22        android:usesCleartextTraffic="true" >
22-->src/main/AndroidManifest.xml:12:7-42
23        <activity
23-->src/main/AndroidManifest.xml:15:7-25:18
24            android:name="com.pure_music_app.MainActivity"
24-->src/main/AndroidManifest.xml:16:9-37
25            android:configChanges="keyboard|keyboardHidden|orientation|screenSize|uiMode"
25-->src/main/AndroidManifest.xml:18:9-86
26            android:label="@string/app_name"
26-->src/main/AndroidManifest.xml:17:9-41
27            android:launchMode="singleTask"
27-->src/main/AndroidManifest.xml:19:9-40
28            android:windowSoftInputMode="adjustResize" >
28-->src/main/AndroidManifest.xml:20:9-51
29            <intent-filter>
29-->src/main/AndroidManifest.xml:21:9-24:25
30                <action android:name="android.intent.action.MAIN" />
30-->src/main/AndroidManifest.xml:22:13-65
30-->src/main/AndroidManifest.xml:22:21-62
31
32                <category android:name="android.intent.category.LAUNCHER" />
32-->src/main/AndroidManifest.xml:23:13-73
32-->src/main/AndroidManifest.xml:23:23-70
33            </intent-filter>
34        </activity>
35        <activity android:name="com.facebook.react.devsupport.DevSettingsActivity" />
35-->src/main/AndroidManifest.xml:26:7-84
35-->src/main/AndroidManifest.xml:26:17-81
36
37        <service
37-->[:react-native-music-control] AndroidManifest.xml:12:9-14:43
38            android:name="com.tanguyantoine.react.MusicControlNotification$NotificationService"
38-->[:react-native-music-control] AndroidManifest.xml:13:13-96
39            android:stopWithTask="true" />
39-->[:react-native-music-control] AndroidManifest.xml:14:13-40
40    </application>
41
42</manifest>